{
  "stats": {
    "suites": 1,
    "tests": 1,
    "passes": 1,
    "pending": 0,
    "failures": 0,
    "start": "2024-10-02T05:41:37.775Z",
    "end": "2024-10-02T05:41:37.862Z",
    "duration": 87,
    "testsRegistered": 1,
    "passPercent": 100,
    "pendingPercent": 0,
    "other": 0,
    "hasOther": false,
    "skipped": 0,
    "hasSkipped": false
  },
  "results": [
    {
      "uuid": "438ee4b7-6e14-47d5-94c8-eb1a964c7983",
      "title": "",
      "fullFile": "cypress\\e2e\\print1to10.cy.js",
      "file": "cypress\\e2e\\print1to10.cy.js",
      "beforeHooks": [],
      "afterHooks": [],
      "tests": [],
      "suites": [
        {
          "uuid": "cd97cc5f-ac36-4094-89ee-f3ea4af9948c",
          "title": "Print Numbers from 1 to 10",
          "fullFile": "",
          "file": "",
          "beforeHooks": [],
          "afterHooks": [],
          "tests": [
            {
              "title": "prints numbers from 1 to 10",
              "fullTitle": "Print Numbers from 1 to 10 prints numbers from 1 to 10",
              "timedOut": null,
              "duration": 67,
              "state": "passed",
              "speed": "fast",
              "pass": true,
              "fail": false,
              "pending": false,
              "context": null,
              "code": "for (let i = 1; i <= 10; i++) {\n  cy.log('saloni' + i); // Print the current number\n}",
              "err": {},
              "uuid": "620ec9d9-e7b9-4daf-9b98-958c30f01604",
              "parentUUID": "cd97cc5f-ac36-4094-89ee-f3ea4af9948c",
              "isHook": false,
              "skipped": false
            }
          ],
          "suites": [],
          "passes": [
            "620ec9d9-e7b9-4daf-9b98-958c30f01604"
          ],
          "failures": [],
          "pending": [],
          "skipped": [],
          "duration": 67,
          "root": false,
          "rootEmpty": false,
          "_timeout": 2000
        }
      ],
      "passes": [],
      "failures": [],
      "pending": [],
      "skipped": [],
      "duration": 0,
      "root": true,
      "rootEmpty": true,
      "_timeout": 2000
    }
  ],
  "meta": {
    "mocha": {
      "version": "7.0.1"
    },
    "mochawesome": {
      "options": {
        "quiet": true,
        "reportFilename": "Strike_Report",
        "saveHtml": false,
        "saveJson": true,
        "consoleReporter": "spec",
        "useInlineDiffs": false,
        "code": true
      },
      "version": "7.1.3"
    },
    "marge": {
      "options": {
        "reportDir": "reports\\mochawesome\\.jsons",
        "reporterEnabled": "cypress-mochawesome-reporter, mocha-junit-reporter",
        "charts": true,
        "reportPageTitle": "Strike_Automation",
        "reportFilename": "Strike_Report",
        "embeddedScreenshots": true,
        "inlineAssets": true,
        "overwrite": false,
        "html": false,
        "json": true,
        "video": true,
        "videoCompression": true,
        "videoOnFailOnly": true,
        "quiet": true,
        "debug": true,
        "saveJson": true
      },
      "version": "6.2.0"
    }
  }
}