{
  "stats": {
    "suites": 0,
    "tests": 1,
    "passes": 1,
    "pending": 0,
    "failures": 0,
    "start": "2024-09-23T11:06:19.810Z",
    "end": "2024-09-23T11:07:03.591Z",
    "duration": 43781,
    "testsRegistered": 1,
    "passPercent": 100,
    "pendingPercent": 0,
    "other": 0,
    "hasOther": false,
    "skipped": 0,
    "hasSkipped": false
  },
  "results": [
    {
      "uuid": "e17e0ef2-403c-4371-a44d-42372b278ce6",
      "title": "",
      "fullFile": "cypress\\e2e\\Backtesting_Option\\Nifty_Cash.cy.js",
      "file": "cypress\\e2e\\Backtesting_Option\\Nifty_Cash.cy.js",
      "beforeHooks": [],
      "afterHooks": [],
      "tests": [
        {
          "title": "Nift_Cash",
          "fullTitle": "Nift_Cash",
          "timedOut": null,
          "duration": 41958,
          "state": "passed",
          "speed": "slow",
          "pass": true,
          "fail": false,
          "pending": false,
          "context": null,
          "code": "cy.viewport(1750, 800);\ncy.clearAllCookies();\ncy.visit('https://strike.jainam.in/#/');\ncy.wait(5000);\ncy.get('.nav-link').click();\n//Login Flow\ncy.wait(2000);\ncy.xpath(\"/html[1]/body[1]/app-root[1]/app-layout[1]/app-headerpanel[1]/app-login[1]/div[1]/kendo-dialog[1]/div[2]/div[1]/div[1]/div[1]/form[1]/div[1]/div[1]/div[3]/kendo-textbox[1]/input[1]\").type('9825479404');\ncy.get('.btn_bg_bw').click();\ncy.wait(2000);\ncy.xpath(\"//kendo-textbox[@placeholder='Enter Password']\").type('Loop@345');\ncy.get('.btn_bg_bw').click();\ncy.log('Login successful');\n// Click on Backtesting\ncy.wait(4000);\ncy.xpath(\"/html[1]/body[1]/app-root[1]/app-layout[1]/app-headerpanel[1]/div[2]/div[1]/div[1]/div[1]/div[2]/ul[1]/li[5]/a[1]\").click();\n// Click on Option dropdown\n// cy.xpath(\"//span[contains(text(),'Option')]\").click();\n// Click on Proceed\ncy.wait(1500);\ncy.xpath(\"//a[normalize-space()='Proceed']\").click();\n//ADD OPTION DETAILS\n// 1) Symbol\ncy.xpath(\"//span[contains(text(),'BANKNIFTY')]\").type(\"{downArrow}{Enter}\");\n// 2) Underlying\n// cy.xpath(\"//input[@id='UnderlyingTypevalue']\").click();\n// 3) Type\n// 4) Entry Time\ncy.wait(1500);\ncy.xpath(\"(//kendo-icon[@class='k-i-clock k-button-icon k-icon ng-star-inserted'])[2]\").click({\n  force: true\n});\ncy.xpath(\"(//input[@id='timepicker-1'])[1]\").click();\ncy.xpath(\"(//input[@id='timepicker-1'])[1]\").should('be.visible').type(\"09.10\");\ncy.scrollTo(1000, 0);\ncy.get('div.ng-star-inserted > .text-danger').should('be.visible');\ncy.xpath(\"//a[normalize-space()='Save']\").click({\n  force: true\n});\ncy.scrollTo(1000, 0);\ncy.xpath(\"(//input[@id='timepicker-1'])[1]\").click();\ncy.xpath(\"(//input[@id='timepicker-1'])[1]\").should('be.visible').type(\"09.05\");\ncy.get('div.ng-star-inserted > .text-danger').should('be.visible');\ncy.scrollTo(1000, 0);\ncy.xpath(\"//a[normalize-space()='Save']\").click({\n  force: true\n});\ncy.scrollTo(1000, 0);\ncy.wait(500);\ncy.xpath(\"(//input[@id='timepicker-1'])[1]\").click();\ncy.xpath(\"(//input[@id='timepicker-1'])[1]\").should('be.visible').type(\"09:20\");\ncy.scrollTo(1000, 0);\ncy.xpath(\"//a[normalize-space()='Save']\").click({\n  force: true\n});\ncy.scrollTo(1000, 0);\ncy.wait(500);\ncy.xpath(\"(//input[@id='timepicker-1'])[1]\").click();\ncy.xpath(\"(//input[@id='timepicker-1'])[1]\").should('be.visible').type(\"08:06\");\ncy.scrollTo(1000, 0);\ncy.xpath(\"//a[normalize-space()='Save']\").click({\n  force: true\n});\ncy.scrollTo(1000, 0);\ncy.wait(500);\ncy.xpath(\"(//input[@id='timepicker-1'])[1]\").click();\ncy.xpath(\"(//input[@id='timepicker-1'])[1]\").should('be.visible').type(\"09:20\");\ncy.scrollTo(1000, 0);\ncy.xpath(\"//a[normalize-space()='Save']\").click({\n  force: true\n});\ncy.scrollTo(1000, 0);\n// 5) Exit Time\ncy.xpath(\"(//input[@id='timepicker-2'])[1]\").click();\ncy.xpath(\"(//input[@id='timepicker-2'])[1]\").should('be.visible').type(\"15:50\");\ncy.scrollTo(1000, 0);\ncy.get('.time_icon_wrap > .text-danger').should('be.visible');\ncy.xpath(\"//a[normalize-space()='Save']\").click({\n  force: true\n});\ncy.get('.text-danger').should('be.visible');\ncy.scrollTo(1000, 0);\ncy.wait(500);\ncy.xpath(\"(//input[@id='timepicker-2'])[1]\").click();\ncy.xpath(\"(//input[@id='timepicker-2'])[1]\").should('be.visible').type(\"15:31\");\ncy.scrollTo(1000, 0);\ncy.get('.time_icon_wrap > .text-danger').should('be.visible');\ncy.xpath(\"//a[normalize-space()='Save']\").click({\n  force: true\n});\ncy.get('.text-danger').should('be.visible');\ncy.scrollTo(1000, 0);\ncy.wait(500);\ncy.xpath(\"(//input[@id='timepicker-2'])[1]\").click();\ncy.xpath(\"(//input[@id='timepicker-2'])[1]\").should('be.visible').type(\"15:45\");\ncy.scrollTo(1000, 0);\ncy.get('.time_icon_wrap > .text-danger').should('be.visible');\ncy.xpath(\"//a[normalize-space()='Save']\").click({\n  force: true\n});\ncy.get('.text-danger').should('be.visible');\ncy.scrollTo(1000, 0);\ncy.wait(500);\ncy.xpath(\"(//input[@id='timepicker-2'])[1]\").click();\ncy.xpath(\"(//input[@id='timepicker-2'])[1]\").should('be.visible').type(\"15:15\");\ncy.scrollTo(1000, 0);\ncy.xpath(\"//a[normalize-space()='Save']\").click({\n  force: true\n});\ncy.scrollTo(0, 500);\n// Log Builder\n//1) Total Lot\ncy.get('#legBuilder > .leg_inner_form_wrap > :nth-child(2) > :nth-child(1) > .form_item_wrap > :nth-child(2) > .full_wrap > .form-control').clear();\ncy.get('#legBuilder > .leg_inner_form_wrap > :nth-child(2) > :nth-child(1) > .form_item_wrap > :nth-child(2) > .full_wrap > .form-control').should('be.visible').focus().type('1000');\ncy.scrollTo(20, 20);\ncy.get('#legBuilder > .leg_inner_form_wrap > :nth-child(2) > :nth-child(1) > .form_item_wrap > :nth-child(2) > .full_wrap > .form-control').clear();\ncy.wait(500);\ncy.get('#legBuilder > .leg_inner_form_wrap > :nth-child(2) > :nth-child(1) > .form_item_wrap > :nth-child(2) > .full_wrap > .form-control').should('be.visible').focus().type('1000');\ncy.scrollTo(20, 20);\n//2) Expiry\ncy.wait(3000);\n// cy.xpath('/html[1]/body[1]/app-root[1]/kendo-popup[1]/div[1]/kendo-list[1]/div[1]/ul[1]/li[2]').click()\n//3)Position\ncy.get('#LBPositionSell').click();\n//4)option type\ncy.get('#LBOptionTypeCE').click();\n// Click on Add new button\ncy.get('.col-12 > .common_anchor').click();\n// verify leg 1 is created or not\ncy.get('.font_med > .col-12 > .blue_ucase > :nth-child(1)').should(\"be.visible\");\n////// Target profit\ncy.get('#LegBuilder1 > .leg_inner_form_wrap > .is_new_leg > :nth-child(1) > .form_item_wrap > .text-gray-800 > .ml-2').click();\n// select dropdown\ncy.xpath(\"(//span[@class='k-input-value-text'][normalize-space()='Points'])[1]\").click();\ncy.xpath('/html/body/app-root/app-layout/app-option-structure/div[2]/div/div/div/div/div[2]/div/div/div/form[2]/div[5]/div/div/div/div/div[4]/div[1]/div/div/div/div[1]/div/kendo-dropdownlist/span/span').click();\n//cy.contains('UnderlyingPoints').click();\n// Enter Target\ncy.get('.is_new_leg > :nth-child(1) > .form_item_wrap > :nth-child(2) > .d-flex > .border-0 > .form-control').clear();\ncy.get('.border-0 > .ng-star-inserted').should(\"be.visible\");\ncy.get('.is_new_leg > :nth-child(1) > .form_item_wrap > :nth-child(2) > .d-flex > .border-0 > .form-control').type('10');\n//cy.get('#LegTargetProfitError_0').should(\"be.visible\");\ncy.get('.is_new_leg > :nth-child(1) > .form_item_wrap > :nth-child(2) > .d-flex > .border-0 > .form-control').clear();\ncy.get('.is_new_leg > :nth-child(1) > .form_item_wrap > :nth-child(2) > .d-flex > .border-0 > .form-control').type('0');\ncy.get('#LegTargetProfitError_0').should(\"be.visible\");\ncy.get('.is_new_leg > :nth-child(1) > .form_item_wrap > :nth-child(2) > .d-flex > .border-0 > .form-control').clear();\ncy.get('.is_new_leg > :nth-child(1) > .form_item_wrap > :nth-child(2) > .d-flex > .border-0 > .form-control').type('6');\n// cy.get('#LegBuilder1 > .leg_inner_form_wrap > .is_new_leg > :nth-child(1) > .form_item_wrap > .text-gray-800 > .ml-2').click();\n////// Stop Loss\ncy.get('#LegBuilder1 > .leg_inner_form_wrap > .is_new_leg > :nth-child(2) > .form_item_wrap > .text-gray-800 > .ml-2').click();\ncy.get('.is_new_leg > :nth-child(2) > .form_item_wrap > :nth-child(2) > .d-flex > .border-0 > .form-control').clear();\ncy.get('.is_new_leg > :nth-child(2) > .form_item_wrap > :nth-child(2) > .d-flex > .border-0 > .form-control').should(\"be.visible\");\ncy.get('.is_new_leg > :nth-child(2) > .form_item_wrap > :nth-child(2) > .d-flex > .border-0 > .form-control').type('10');\n//  cy.get('#LegStopLossError_0').should(\"be.visible\");\ncy.get('.is_new_leg > :nth-child(2) > .form_item_wrap > :nth-child(2) > .d-flex > .border-0 > .form-control').type('1');\n// cy.get('#LegStopLossError_0').should(\"be.visible\");\ncy.get('.is_new_leg > :nth-child(2) > .form_item_wrap > :nth-child(2) > .d-flex > .border-0 > .form-control').clear();\ncy.get('.is_new_leg > :nth-child(2) > .form_item_wrap > :nth-child(2) > .d-flex > .border-0 > .form-control').type('5');\n/////// Trail SL\ncy.get('#LegBuilder1 > .leg_inner_form_wrap > .is_new_leg > :nth-child(3) > .form_item_wrap > .text-gray-800 > .ml-2').click();\n/// X value\ncy.get('.py-0 > .form-control').type('0');\ncy.get('#LegInstrumentMovesValError_0 > .text-danger').should(\"be.visible\");\ncy.get('.py-0 > .form-control').clear();\ncy.get('.py-0 > .ng-star-inserted').should(\"be.visible\");\ncy.get('.py-0 > .form-control').type('10');\n//  cy.get('#LegInstrumentMovesValError_0 > .text-danger').should(\"be.visible\");\ncy.get('.py-0 > .form-control').clear();\ncy.get('.py-0 > .ng-star-inserted').should(\"be.visible\");\ncy.get('.py-0 > .form-control').type('9');\n/// Y value\ncy.get('.is_new_leg > :nth-child(3) > .form_item_wrap > :nth-child(2) > .d-flex > .p-0 > .form-control').type('5');\n//cy.get('#LegStopLossMovesValError_0 > .text-danger').should(\"be.visible\");\ncy.get('.is_new_leg > :nth-child(3) > .form_item_wrap > :nth-child(2) > .d-flex > .p-0 > .form-control').clear();\ncy.get(':nth-child(3) > .form_item_wrap > :nth-child(2) > .d-flex > .p-0 > .ng-star-inserted').should(\"be.visible\");\ncy.get('.is_new_leg > :nth-child(3) > .form_item_wrap > :nth-child(2) > .d-flex > .p-0 > .form-control').type('10');\n// cy.get('#LegStopLossMovesValError_0 > .text-danger').should(\"be.visible\");\ncy.get('.is_new_leg > :nth-child(3) > .form_item_wrap > :nth-child(2) > .d-flex > .p-0 > .form-control').clear();\ncy.get(':nth-child(3) > .form_item_wrap > :nth-child(2) > .d-flex > .p-0 > .ng-star-inserted').should(\"be.visible\");\ncy.get('.is_new_leg > :nth-child(3) > .form_item_wrap > :nth-child(2) > .d-flex > .p-0 > .form-control').type('7');\n////// Re-Entry on Target\ncy.get('.full_wrap.d-flex > .full_wrap > .text-gray-800 > .ml-2').click();\n//cy.xpath('/html[1]/body[1]/app-root[1]/kendo-popup[1]/div[1]/kendo-list[1]/div[1]/ul[1]/li[3]').click()\ncy.get('#LegBuilder1 > .leg_inner_form_wrap > :nth-child(5) > :nth-child(1) > .form_item_wrap > :nth-child(2) > .d-flex > .full_wrap').click().type('{downarrow}{Enter}');\ncy.get(':nth-child(5) > :nth-child(1) > .form_item_wrap > :nth-child(2) > .d-flex > .border-0 > .form-control').clear();\ncy.get(':nth-child(1) > .form_item_wrap > :nth-child(2) > .d-flex > .border-0 > .ng-star-inserted').should(\"be.visible\");\ncy.get(':nth-child(5) > :nth-child(1) > .form_item_wrap > :nth-child(2) > .d-flex > .border-0 > .form-control').type('1');\n//cy.get('#LegReEntryTargetProfitError_0').should(\"be.visible\");\ncy.get(':nth-child(5) > :nth-child(1) > .form_item_wrap > :nth-child(2) > .d-flex > .border-0 > .form-control').clear();\ncy.get(':nth-child(1) > .form_item_wrap > :nth-child(2) > .d-flex > .border-0 > .ng-star-inserted').should(\"be.visible\");\ncy.get(':nth-child(5) > :nth-child(1) > .form_item_wrap > :nth-child(2) > .d-flex > .border-0 > .form-control').type('10');\n// cy.get('#LegReEntryTargetProfitError_0').should(\"be.visible\");\ncy.get(':nth-child(5) > :nth-child(1) > .form_item_wrap > :nth-child(2) > .d-flex > .border-0 > .form-control').clear();\ncy.get(':nth-child(1) > .form_item_wrap > :nth-child(2) > .d-flex > .border-0 > .ng-star-inserted').should(\"be.visible\");\ncy.get(':nth-child(5) > :nth-child(1) > .form_item_wrap > :nth-child(2) > .d-flex > .border-0 > .form-control').type('7');\n////// Re-Entry on SL\ncy.get('#LegBuilder1 > .leg_inner_form_wrap > :nth-child(5) > :nth-child(2) > .form_item_wrap > .text-gray-800 > .ml-2').click();\ncy.get(':nth-child(5) > :nth-child(2) > .form_item_wrap > :nth-child(2) > .d-flex > .border-0 > .form-control').clear();\ncy.get(':nth-child(5) > :nth-child(2) > .form_item_wrap > :nth-child(2) > .d-flex > .border-0 > .ng-star-inserted').should(\"be.visible\");\ncy.get(':nth-child(5) > :nth-child(2) > .form_item_wrap > :nth-child(2) > .d-flex > .border-0 > .form-control').type('1');\n//  cy.get('#LegReEntryStopLossError_0').should(\"be.visible\");\ncy.get(':nth-child(5) > :nth-child(2) > .form_item_wrap > :nth-child(2) > .d-flex > .border-0 > .form-control').clear();\ncy.get(':nth-child(5) > :nth-child(2) > .form_item_wrap > :nth-child(2) > .d-flex > .border-0 > .ng-star-inserted').should(\"be.visible\");\ncy.get(':nth-child(5) > :nth-child(2) > .form_item_wrap > :nth-child(2) > .d-flex > .border-0 > .form-control').type('8');\n// cy.get('#LegReEntryStopLossError_0').should(\"be.visible\");\ncy.get(':nth-child(5) > :nth-child(2) > .form_item_wrap > :nth-child(2) > .d-flex > .border-0 > .form-control').clear();\ncy.get(':nth-child(5) > :nth-child(2) > .form_item_wrap > :nth-child(2) > .d-flex > .border-0 > .ng-star-inserted').should(\"be.visible\");\ncy.get(':nth-child(5) > :nth-child(2) > .form_item_wrap > :nth-child(2) > .d-flex > .border-0 > .form-control').type('5');\n////// Simple Momentum\ncy.get('#LegBuilder1 > .leg_inner_form_wrap > :nth-child(5) > :nth-child(3) > .form_item_wrap > .text-gray-800 > .ml-2').click();\ncy.get(':nth-child(5) > :nth-child(3) > .form_item_wrap > :nth-child(2) > .d-flex > .border-0 > .form-control').clear();\ncy.get(':nth-child(3) > .form_item_wrap > :nth-child(2) > .d-flex > .border-0 > .text-danger').should(\"be.visible\");\ncy.get(':nth-child(5) > :nth-child(3) > .form_item_wrap > :nth-child(2) > .d-flex > .border-0 > .form-control').type('1');\ncy.get(':nth-child(5) > :nth-child(3) > .form_item_wrap > :nth-child(2) > .d-flex > .border-0 > .form-control').clear();\ncy.get(':nth-child(3) > .form_item_wrap > :nth-child(2) > .d-flex > .border-0 > .text-danger').should(\"be.visible\");\ncy.get(':nth-child(5) > :nth-child(3) > .form_item_wrap > :nth-child(2) > .d-flex > .border-0 > .form-control').type('4');\ncy.get(':nth-child(5) > :nth-child(3) > .form_item_wrap > :nth-child(2) > .d-flex > .border-0 > .form-control').clear();\ncy.get(':nth-child(3) > .form_item_wrap > :nth-child(2) > .d-flex > .border-0 > .text-danger').should(\"be.visible\");\ncy.get(':nth-child(5) > :nth-child(3) > .form_item_wrap > :nth-child(2) > .d-flex > .border-0 > .form-control').type('5');\n////// Range Break out\n//  cy.get('#LegBuilder1 > .leg_inner_form_wrap > :nth-child(6) > .pe-0 > .form_item_wrap > .text-gray-800 > .ml-2').click();\n//  cy.get('.ng-trigger').should(\"be.visible\");\n/////// Overall Strategy Settings ///////\n///// Overall Target\ncy.get('.leg_inner_form_wrap > :nth-child(1) > :nth-child(1) > .form_item_wrap > .text-gray-800 > .ml-2').click();\ncy.get('.leg_inner_form_wrap > :nth-child(1) > :nth-child(1) > .form_item_wrap > :nth-child(2) > .d-flex > .full_wrap').click().type('{downarrow}{Enter}');\n// cy.get(':nth-child(1) > :nth-child(1) > .form_item_wrap > :nth-child(2) > .d-flex > .border-0 > .form-control').clear();\n//cy.get(':nth-child(1) > :nth-child(1) > .form_item_wrap > :nth-child(2) > .d-flex > .border-0 > .text-danger').should(\"be.visible\");\n// cy.get(':nth-child(1) > :nth-child(1) > .form_item_wrap > :nth-child(2) > .d-flex > .border-0 > .form-control').type('10');\n///// Overall SL\ncy.get('.leg_inner_form_wrap > :nth-child(1) > :nth-child(2) > .form_item_wrap > .text-gray-800 > .ml-2').click();\n//  cy.get(':nth-child(1) > :nth-child(2) > .form_item_wrap > :nth-child(2) > .d-flex > .border-0 > .form-control').clear();\n//cy.get(':nth-child(1) > :nth-child(2) > .form_item_wrap > :nth-child(2) > .d-flex > .border-0 > .text-danger').should(\"be.visible\");\n// cy.get(':nth-child(1) > :nth-child(2) > .form_item_wrap > :nth-child(2) > .d-flex > .border-0 > .form-control').type('20');\n///// Overall Re-Entry On Overall Target\ncy.get(':nth-child(2) > :nth-child(1) > .form_item_wrap > .text-gray-800 > .ml-2').click();\ncy.get(':nth-child(2) > :nth-child(1) > .form_item_wrap > :nth-child(2) > .d-flex > .full_wrap').click().type('{downarrow}{downarrow}{Enter}');\ncy.get(':nth-child(2) > :nth-child(1) > .form_item_wrap > :nth-child(2) > .d-flex > .border-0 > .form-control').clear();\ncy.get(':nth-child(2) > :nth-child(1) > .form_item_wrap > :nth-child(2) > .d-flex > .border-0 > .text-danger').should(\"be.visible\");\ncy.get(':nth-child(2) > :nth-child(1) > .form_item_wrap > :nth-child(2) > .d-flex > .border-0 > .form-control').type('10');\n///// Overall Re-Entry On SL Hit\ncy.get(':nth-child(2) > :nth-child(2) > .form_item_wrap > .text-gray-800 > .ml-2').click();\ncy.get(':nth-child(2) > :nth-child(2) > .form_item_wrap > :nth-child(2) > .d-flex > .full_wrap').click().type('{downarrow}{Enter}');\ncy.get(':nth-child(2) > :nth-child(2) > .form_item_wrap > :nth-child(2) > .d-flex > .border-0 > .form-control').clear();\ncy.get(':nth-child(2) > :nth-child(2) > .form_item_wrap > :nth-child(2) > .d-flex > .border-0 > .text-danger').should(\"be.visible\");\ncy.get(':nth-child(2) > :nth-child(2) > .form_item_wrap > :nth-child(2) > .d-flex > .border-0 > .form-control').type('11');\n///// Overall Traling SL\ncy.get(':nth-child(3) > .col-12 > .form_item_wrap > .text-gray-800 > .ml-2').click();\ncy.get('.form-control.mr-2 > .form-control').type('2');\ncy.get(':nth-child(3) > .col-12 > .form_item_wrap > :nth-child(2) > .d-flex > :nth-child(3) > .form-control').type('4');\n//// Click on Run Backtesting\ncy.get('.secondary').click();\ncy.get('.loader_numb').should(\"be.visible\");",
          "err": {},
          "uuid": "8f12f3ee-ec81-48f0-bd64-0d0b7892f79d",
          "parentUUID": "e17e0ef2-403c-4371-a44d-42372b278ce6",
          "isHook": false,
          "skipped": false
        }
      ],
      "suites": [],
      "passes": [
        "8f12f3ee-ec81-48f0-bd64-0d0b7892f79d"
      ],
      "failures": [],
      "pending": [],
      "skipped": [],
      "duration": 41958,
      "root": true,
      "rootEmpty": false,
      "_timeout": 2000
    }
  ],
  "meta": {
    "mocha": {
      "version": "7.0.1"
    },
    "mochawesome": {
      "options": {
        "quiet": true,
        "reportFilename": "Strike_Report",
        "saveHtml": false,
        "saveJson": true,
        "consoleReporter": "spec",
        "useInlineDiffs": false,
        "code": true
      },
      "version": "7.1.3"
    },
    "marge": {
      "options": {
        "reportDir": "reports\\mochawesome\\.jsons",
        "reporterEnabled": "cypress-mochawesome-reporter, mocha-junit-reporter",
        "charts": true,
        "reportPageTitle": "Strike_Automation",
        "reportFilename": "Strike_Report",
        "embeddedScreenshots": true,
        "inlineAssets": true,
        "overwrite": false,
        "html": false,
        "json": true,
        "video": true,
        "videoCompression": true,
        "videoOnFailOnly": true,
        "quiet": true,
        "debug": true,
        "saveJson": true
      },
      "version": "6.2.0"
    }
  }
}