{
  "stats": {
    "suites": 1,
    "tests": 3,
    "passes": 2,
    "pending": 0,
    "failures": 1,
    "start": "2024-09-20T11:02:36.253Z",
    "end": "2024-09-20T11:03:29.249Z",
    "duration": 52996,
    "testsRegistered": 3,
    "passPercent": 66.66666666666666,
    "pendingPercent": 0,
    "other": 0,
    "hasOther": false,
    "skipped": 0,
    "hasSkipped": false
  },
  "results": [
    {
      "uuid": "d7012cf1-ea0a-45ca-8687-b50df7f639cb",
      "title": "",
      "fullFile": "cypress\\e2e\\Dashboard\\Home_page.cy.js",
      "file": "cypress\\e2e\\Dashboard\\Home_page.cy.js",
      "beforeHooks": [],
      "afterHooks": [],
      "tests": [],
      "suites": [
        {
          "uuid": "20e1273b-fa58-4202-9073-18b1ef5ce9ee",
          "title": "Tetsing different types of View Port",
          "fullFile": "",
          "file": "",
          "beforeHooks": [],
          "afterHooks": [],
          "tests": [
            {
              "title": "iphone-xr",
              "fullTitle": "Tetsing different types of View Port iphone-xr",
              "timedOut": null,
              "duration": 18160,
              "state": "failed",
              "speed": null,
              "pass": false,
              "fail": true,
              "pending": false,
              "context": "{\n  \"title\": \"cypress-mochawesome-reporter-screenshots\",\n  \"value\": [\n    [\n      \"\\\\Home_page.cy.js\\\\onBeforeScreenshot.png\",\n      \"\\\\Home_page.cy.js\\\\onAfterScreenshot.png\",\n      \"\\\\Home_page.cy.js\\\\Tetsing different types of View Port -- iphone-xr (failed).png\"\n    ]\n  ]\n}",
              "code": "cy.viewport('iphone-xr');\n//cy.wait('@dataLoad');\ncy.window().then(() => {\n  // Capture start time\n  const startTime = Date.now();\n  cy.visit('https://strike.jainam.in');\n  cy.wait(3000);\n  cy.screenshot('onBeforeScreenshot');\n  console.log(`Start time: ${startTime} seconds`);\n  // Headers\n  cy.wait(2000);\n  cy.get('.icon_li > a > img').click();\n  cy.get('li.active').should('be.visible');\n  cy.get('.mobile_menu > .ul_wrap > .content_ul > :nth-child(2)').should('be.visible');\n  cy.get('.mobile_menu > .ul_wrap > .content_ul > :nth-child(3)').should('be.visible');\n  cy.get('.mobile_menu > .ul_wrap > .content_ul > :nth-child(4)').should('be.visible');\n  cy.get('.mobile_menu > .ul_wrap > .content_ul > :nth-child(5)').should('be.visible');\n  cy.get('.button_login > .common_anchor').should('be.visible');\n  cy.xpath(\"//img[@class='toggle_menu close_wrap']\").click();\n  // live price\n  cy.get('marquee').should('be.visible');\n  // Common Header\n  cy.get(':nth-child(1) > .data_wrap > .gridContainer > :nth-child(1) > .common_header > .semi').should('be.visible');\n  // Normal Text\n  cy.get(':nth-child(1) > .data_wrap > .gridContainer > :nth-child(2) > p').should('be.visible');\n  cy.scrollTo(1000, 0);\n  // PC image\n  cy.get(':nth-child(1) > .image_wrap > img').should('be.visible');\n  // Common Header\n  cy.get('.text_features_wrap > :nth-child(1) > .gridContainer > .full_wrap > .common_header').should('be.visible');\n  cy.get('.title_wrap > .common_header').should('be.visible');\n  cy.get('.bracket_wrap > .mobile').should('be.visible');\n  cy.get(':nth-child(3) > .data_wrap > .gridContainer > :nth-child(1) > .common_header > .semi').should('be.visible');\n  cy.get(':nth-child(3) > .data_wrap > .gridContainer > :nth-child(2) > p').should('be.visible');\n  //Image\n  cy.get(':nth-child(3) > .image_wrap > img').should('be.visible');\n  // cy.get(':nth-child(5) > .flex_test_main > .Second_div > .content_wrap').should('be.visible');\n  //Button\n  cy.get(':nth-child(1) > .data_wrap > .gridContainer > :nth-child(3) > .common_anchor').should('be.visible');\n  cy.get(':nth-child(1) > .data_wrap > .gridContainer > :nth-child(3) > .common_anchor').contains('Get a Free Demo Now');\n  cy.get(':nth-child(1) > .data_wrap > .gridContainer > :nth-child(3) > .common_anchor').click();\n  // Get in Touch\n  cy.get(':nth-child(1) > .data_wrap > .gridContainer > :nth-child(3) > .common_anchor').click();\n  // Full Name\n  cy.get(':nth-child(1) > :nth-child(1) > .form_field_wrap > div > .form_field').type(\"Strike Automation\", {\n    waitforanimations: false,\n    animationdistancethreshold: 50\n  });\n  // Email\n  cy.get(':nth-child(2) > .form_field_wrap > div > .form_field').type(\"abc@gmail.com\");\n  // Mobile No\n  cy.get(':nth-child(3) > .form_field_wrap > div > .form_field').type(\"9825479404\");\n  // Description\n  cy.get('.col-sm-12 > .form_field_wrap > div > .form_field').type(\"hdif ofwohfroiufh fndfodohvofuv dofofovfjh odwoeofhjreof vfovngvnfuio fvnfeovfo vfvfovn\");\n  cy.screenshot('onAfterScreenshot');\n  cy.get('#BtnSubmit').click();\n  cy.get('#BtnSubmit').click({\n    force: true\n  });\n  cy.get('#BtnSubmit').click();\n  cy.get('#BtnSubmit').click();\n  // Capture end time.\n  const endTime = Date.now();\n  console.log(`End time: ${endTime} seconds`);\n  const loadTime = endTime - startTime; // Calculate load time\n  console.log(`Home page load time: ${loadTime} seconds`);\n  cy.log(`Page load time: ${endTime - startTime} seconds`);\n  // Optionally, log a warning if load time exceeds a threshold\n  if (loadTime > 1) {\n    // Adjust threshold as needed (2 seconds in this example)\n    console.warn(`Home page load time exceeded threshold! (${loadTime}s)`);\n  }\n});",
              "err": {
                "message": "CypressError: Timed out retrying after 4050ms: `cy.click()` failed because the center of this element is hidden from view:\n\n`<button _ngcontent-ng-c2206340624=\"\" kendobutton=\"\" type=\"submit\" id=\"BtnSubmit\" class=\"common_anchor border-0\">Send En...</button>`\n\nFix this problem, or use `{force: true}` to disable error checking.\n\nhttps://on.cypress.io/element-cannot-be-interacted-with",
                "estack": "CypressError: Timed out retrying after 4050ms: `cy.click()` failed because the center of this element is hidden from view:\n\n`<button _ngcontent-ng-c2206340624=\"\" kendobutton=\"\" type=\"submit\" id=\"BtnSubmit\" class=\"common_anchor border-0\">Send En...</button>`\n\nFix this problem, or use `{force: true}` to disable error checking.\n\nhttps://on.cypress.io/element-cannot-be-interacted-with\n    at ensureIsDescendent (https://strike.jainam.in/__cypress/runner/cypress_runner.js:112876:66)\n    at ensureDescendents (https://strike.jainam.in/__cypress/runner/cypress_runner.js:112912:5)\n    at possiblyScrollMultipleTimes (https://strike.jainam.in/__cypress/runner/cypress_runner.js:113019:22)\n    at scrollContainers (https://strike.jainam.in/__cypress/runner/cypress_runner.js:113041:16)\n    at ensureDescendentsAndScroll (https://strike.jainam.in/__cypress/runner/cypress_runner.js:113045:14)\n    at ensureElIsNotCovered (https://strike.jainam.in/__cypress/runner/cypress_runner.js:113049:5)\n    at runAllChecks (https://strike.jainam.in/__cypress/runner/cypress_runner.js:113248:52)\n    at retryActionability (https://strike.jainam.in/__cypress/runner/cypress_runner.js:113285:16)\n    at tryCatcher (https://strike.jainam.in/__cypress/runner/cypress_runner.js:1807:23)\n    at Promise.attempt.Promise.try (https://strike.jainam.in/__cypress/runner/cypress_runner.js:4315:29)\n    at whenStable (https://strike.jainam.in/__cypress/runner/cypress_runner.js:144102:68)\n    at <unknown> (https://strike.jainam.in/__cypress/runner/cypress_runner.js:144043:14)\n    at tryCatcher (https://strike.jainam.in/__cypress/runner/cypress_runner.js:1807:23)\n    at Promise._settlePromiseFromHandler (https://strike.jainam.in/__cypress/runner/cypress_runner.js:1519:31)\n    at Promise._settlePromise (https://strike.jainam.in/__cypress/runner/cypress_runner.js:1576:18)\n    at Promise._settlePromise0 (https://strike.jainam.in/__cypress/runner/cypress_runner.js:1621:10)\n    at Promise._settlePromises (https://strike.jainam.in/__cypress/runner/cypress_runner.js:1701:18)\n    at Promise._fulfill (https://strike.jainam.in/__cypress/runner/cypress_runner.js:1645:18)\n    at <unknown> (https://strike.jainam.in/__cypress/runner/cypress_runner.js:5450:46)\nFrom Your Spec Code:\n    at Context.eval (webpack:///./cypress/e2e/Dashboard/Home_page.cy.js:81:33)",
                "diff": null
              },
              "uuid": "63b90df4-0ec4-49fe-a684-cc305d6f409d",
              "parentUUID": "20e1273b-fa58-4202-9073-18b1ef5ce9ee",
              "isHook": false,
              "skipped": false
            },
            {
              "title": "Macbook-16",
              "fullTitle": "Tetsing different types of View Port Macbook-16",
              "timedOut": null,
              "duration": 16972,
              "state": "passed",
              "speed": "slow",
              "pass": true,
              "fail": false,
              "pending": false,
              "context": "{\n  \"title\": \"cypress-mochawesome-reporter-screenshots\",\n  \"value\": [\n    [\n      \"\\\\Home_page.cy.js\\\\onBeforeScreenshot (1).png\",\n      \"\\\\Home_page.cy.js\\\\onAfterScreenshot (1).png\"\n    ]\n  ]\n}",
              "code": "// cy.viewport('macbook-16')\ncy.window().then(() => {\n  // Capture start time\n  const startTime = Date.now();\n  cy.visit('https://strike.jainam.in');\n  cy.screenshot('onBeforeScreenshot');\n  console.log(`Start time: ${startTime} seconds`);\n  cy.wait(5000);\n  cy.get('#HomeWeb').should('be.visible');\n  cy.get('#navBarWeb > :nth-child(2) > #Dashboard').should('be.visible');\n  cy.get('#navBarWeb > :nth-child(3) > #Strategies').should('be.visible');\n  cy.get('#navBarWeb > :nth-child(4) > #Marketplace').should('be.visible');\n  cy.get('#navBarWeb > :nth-child(5) > #Backtesting').should('be.visible');\n  cy.get('.nav-link').should('be.visible');\n  // live price\n  cy.get('marquee').should('be.visible');\n  // Common Header\n  cy.get(':nth-child(1) > .data_wrap > .gridContainer > :nth-child(1) > .common_header > .semi').should('be.visible');\n  // Normal Text\n  cy.get(':nth-child(1) > .data_wrap > .gridContainer > :nth-child(2) > p').should('be.visible');\n  cy.scrollTo(1000, 0);\n  // PC image\n  cy.wait(2000);\n  cy.get(':nth-child(1) > .image_wrap > img').should('be.visible');\n  // Common Header\n  cy.get('.text_features_wrap > :nth-child(1) > .gridContainer > .full_wrap > .common_header').should('be.visible');\n  cy.get('.title_wrap > .common_header').should('be.visible');\n  cy.get('.bracket_wrap > .desktop').should('be.visible');\n  cy.get(':nth-child(3) > .data_wrap > .gridContainer > :nth-child(1) > .common_header > .semi').should('be.visible');\n  cy.get(':nth-child(3) > .data_wrap > .gridContainer > :nth-child(2) > p').should('be.visible');\n  //Image\n  cy.get(':nth-child(3) > .image_wrap > img').should('be.visible');\n  // cy.get(':nth-child(5) > .flex_test_main > .Second_div > .content_wrap').should('be.visible');\n  //Button\n  cy.get(':nth-child(1) > .data_wrap > .gridContainer > :nth-child(3) > .common_anchor').should('be.visible');\n  cy.get(':nth-child(1) > .data_wrap > .gridContainer > :nth-child(3) > .common_anchor').contains('Get a Free Demo Now');\n  cy.get(':nth-child(1) > .data_wrap > .gridContainer > :nth-child(3) > .common_anchor').click();\n  // Get in Touch\n  cy.get(':nth-child(1) > .data_wrap > .gridContainer > :nth-child(3) > .common_anchor').click();\n  // Full Name\n  cy.get(':nth-child(1) > :nth-child(1) > .form_field_wrap > div > .form_field').type(\"Strike Automation\", {\n    waitforanimations: false,\n    animationdistancethreshold: 50\n  });\n  // Email\n  cy.get(':nth-child(2) > .form_field_wrap > div > .form_field').type(\"abc@gmail.com\");\n  // Mobile No\n  cy.get(':nth-child(3) > .form_field_wrap > div > .form_field').type(\"9825479404\");\n  // Description\n  cy.get('.col-sm-12 > .form_field_wrap > div > .form_field').type(\"hdif ofwohfroiufh fndfodohvofuv dofofovfjh odwoeofhjreof vfovngvnfuio fvnfeovfo vfvfovn\");\n  cy.screenshot('onAfterScreenshot');\n  cy.get('#BtnSubmit').click();\n  cy.get('#BtnSubmit').click({\n    force: true\n  });\n  cy.get('#BtnSubmit').click({\n    force: true\n  });\n  cy.get('#BtnSubmit').click();\n  // Capture end time.\n  const endTime = Date.now();\n  console.log(`End time: ${endTime} seconds`);\n  const loadTime = endTime - startTime; // Calculate load time\n  console.log(`Home page load time: ${loadTime} seconds`);\n  cy.log(`Page load time: ${endTime - startTime} milliseconds`);\n  // Optionally, log a warning if load time exceeds a threshold\n  if (loadTime > 1) {\n    // Adjust threshold as needed (2 seconds in this example)\n    console.warn(`Home page load time exceeded threshold! (${loadTime}s)`);\n  }\n});",
              "err": {},
              "uuid": "3a3a1e25-29dd-477f-bb2c-09653c56ae58",
              "parentUUID": "20e1273b-fa58-4202-9073-18b1ef5ce9ee",
              "isHook": false,
              "skipped": false
            },
            {
              "title": "1800, 900",
              "fullTitle": "Tetsing different types of View Port 1800, 900",
              "timedOut": null,
              "duration": 15344,
              "state": "passed",
              "speed": "slow",
              "pass": true,
              "fail": false,
              "pending": false,
              "context": "{\n  \"title\": \"cypress-mochawesome-reporter-screenshots\",\n  \"value\": [\n    [\n      \"\\\\Home_page.cy.js\\\\onBeforeScreenshot (2).png\",\n      \"\\\\Home_page.cy.js\\\\onAfterScreenshot (2).png\"\n    ]\n  ]\n}",
              "code": "//  cy.viewport(1800, 900);\ncy.window().then(() => {\n  // Capture start time\n  const startTime = Date.now();\n  cy.visit('https://strike.jainam.in');\n  cy.screenshot('onBeforeScreenshot');\n  console.log(`Start time: ${startTime} seconds`);\n  // Headers\n  cy.wait(5000);\n  cy.get('#HomeWeb').should('be.visible');\n  cy.get('#navBarWeb > :nth-child(2) > #Dashboard').should('be.visible');\n  cy.get('#navBarWeb > :nth-child(3) > #Strategies').should('be.visible');\n  cy.get('#navBarWeb > :nth-child(4) > #Marketplace').should('be.visible');\n  cy.get('#navBarWeb > :nth-child(5) > #Backtesting').should('be.visible');\n  cy.get('.nav-link').should('be.visible');\n  // live price\n  cy.get('marquee').should('be.visible');\n  // Common Header\n  cy.get(':nth-child(1) > .data_wrap > .gridContainer > :nth-child(1) > .common_header > .semi').should('be.visible');\n  // Normal Text\n  cy.get(':nth-child(1) > .data_wrap > .gridContainer > :nth-child(2) > p').should('be.visible');\n  cy.scrollTo(1000, 0);\n  // PC image\n  cy.get(':nth-child(1) > .image_wrap > img').should('be.visible');\n  // Common Header\n  cy.get('.text_features_wrap > :nth-child(1) > .gridContainer > .full_wrap > .common_header').should('be.visible');\n  cy.get('.title_wrap > .common_header').should('be.visible');\n  cy.get('.bracket_wrap > .desktop').should('be.visible');\n  cy.get(':nth-child(3) > .data_wrap > .gridContainer > :nth-child(1) > .common_header > .semi').should('be.visible');\n  cy.get(':nth-child(3) > .data_wrap > .gridContainer > :nth-child(2) > p').should('be.visible');\n  //Image\n  cy.get(':nth-child(3) > .image_wrap > img').should('be.visible');\n  // cy.get(':nth-child(5) > .flex_test_main > .Second_div > .content_wrap').should('be.visible');\n  //Button\n  cy.get(':nth-child(1) > .data_wrap > .gridContainer > :nth-child(3) > .common_anchor').should('be.visible');\n  cy.get(':nth-child(1) > .data_wrap > .gridContainer > :nth-child(3) > .common_anchor').contains('Get a Free Demo Now');\n  cy.get(':nth-child(1) > .data_wrap > .gridContainer > :nth-child(3) > .common_anchor').click();\n  // Get in Touch\n  cy.get(':nth-child(1) > .data_wrap > .gridContainer > :nth-child(3) > .common_anchor').click();\n  // Full Name\n  cy.get(':nth-child(1) > :nth-child(1) > .form_field_wrap > div > .form_field').type(\"Lorem ipsum dolor sit amet consectetuer adipiscing elit Aenean commodo ligula eget dolor Aenean massa Cum sociis natoque penatibus et magnis dis parturient montes nascetur ridiculus mus Donec quam felis\", {\n    waitforanimations: false,\n    animationdistancethreshold: 50\n  });\n  // Email\n  cy.get(':nth-child(2) > .form_field_wrap > div > .form_field').type(\"abc@gmail.com\");\n  // Mobile No\n  cy.get(':nth-child(3) > .form_field_wrap > div > .form_field').type(\"9825479404\");\n  // Description\n  cy.get('.col-sm-12 > .form_field_wrap > div > .form_field').type(\"hdif ofwohfroiufh fndfodohvofuv dofofovfjh odwoeofhjreof vfovngvnfuio fvnfeovfo vfvfovn\");\n  cy.screenshot('onAfterScreenshot');\n  cy.get('#BtnSubmit').click();\n  cy.get('#BtnSubmit').click({\n    force: true\n  });\n  cy.get('#BtnSubmit').click({\n    force: true\n  });\n  cy.get('#BtnSubmit').click({\n    force: true\n  });\n  // Capture end time.\n  const endTime = Date.now();\n  console.log(`End time: ${endTime} seconds`);\n  const loadTime = endTime - startTime; // Calculate load time\n  console.log(`Home page load time: ${loadTime} seconds`);\n  cy.log(`Page load time: ${endTime - startTime}  seconds`);\n  // Optionally, log a warning if load time exceeds a threshold\n  if (endTime - startTime > 1) {\n    // Adjust threshold as needed (2 seconds in this example)\n    console.warn(`Home page load time exceeded threshold! (${endTime - startTime}s)`);\n  }\n});",
              "err": {},
              "uuid": "f08147f9-7609-49b6-bcfa-de5d36ce9191",
              "parentUUID": "20e1273b-fa58-4202-9073-18b1ef5ce9ee",
              "isHook": false,
              "skipped": false
            }
          ],
          "suites": [],
          "passes": [
            "3a3a1e25-29dd-477f-bb2c-09653c56ae58",
            "f08147f9-7609-49b6-bcfa-de5d36ce9191"
          ],
          "failures": [
            "63b90df4-0ec4-49fe-a684-cc305d6f409d"
          ],
          "pending": [],
          "skipped": [],
          "duration": 50476,
          "root": false,
          "rootEmpty": false,
          "_timeout": 2000
        }
      ],
      "passes": [],
      "failures": [],
      "pending": [],
      "skipped": [],
      "duration": 0,
      "root": true,
      "rootEmpty": true,
      "_timeout": 2000
    }
  ],
  "meta": {
    "mocha": {
      "version": "7.0.1"
    },
    "mochawesome": {
      "options": {
        "quiet": true,
        "reportFilename": "Strike_Report",
        "saveHtml": false,
        "saveJson": true,
        "consoleReporter": "spec",
        "useInlineDiffs": false,
        "code": true
      },
      "version": "7.1.3"
    },
    "marge": {
      "options": {
        "reportDir": "reports\\mochawesome\\.jsons",
        "reporterEnabled": "cypress-mochawesome-reporter, mocha-junit-reporter",
        "charts": true,
        "reportPageTitle": "Strike_Automation",
        "reportFilename": "Strike_Report",
        "embeddedScreenshots": true,
        "inlineAssets": true,
        "overwrite": false,
        "html": false,
        "json": true,
        "video": true,
        "videoCompression": true,
        "videoOnFailOnly": true,
        "quiet": true,
        "debug": true,
        "saveJson": true
      },
      "version": "6.2.0"
    }
  }
}