{
  "stats": {
    "suites": 0,
    "tests": 1,
    "passes": 0,
    "pending": 0,
    "failures": 1,
    "start": "2024-10-02T05:41:40.132Z",
    "end": "2024-10-02T05:41:54.650Z",
    "duration": 14518,
    "testsRegistered": 1,
    "passPercent": 0,
    "pendingPercent": 0,
    "other": 0,
    "hasOther": false,
    "skipped": 0,
    "hasSkipped": false
  },
  "results": [
    {
      "uuid": "68ac26fc-3550-4e34-8404-10fc04026079",
      "title": "",
      "fullFile": "cypress\\e2e\\Backtesting_ORB\\Strike_Login.cy.js",
      "file": "cypress\\e2e\\Backtesting_ORB\\Strike_Login.cy.js",
      "beforeHooks": [],
      "afterHooks": [],
      "tests": [
        {
          "title": "Login",
          "fullTitle": "Login",
          "timedOut": null,
          "duration": 13163,
          "state": "failed",
          "speed": null,
          "pass": false,
          "fail": true,
          "pending": false,
          "context": "{\n  \"title\": \"cypress-mochawesome-reporter-screenshots\",\n  \"value\": [\n    [\n      \"\\\\Backtesting_ORB\\\\Strike_Login.cy.js\\\\Login.png\",\n      \"\\\\Backtesting_ORB\\\\Strike_Login.cy.js\\\\Login (failed).png\"\n    ]\n  ]\n}",
          "code": "cy.viewport(1750, 800);\ncy.clearAllCookies();\ncy.visit('https://strike.jainam.in/#/');\n// cy.reload();\ncy.get('.nav-link').click();\ncy.screenshot();\ncy.wait(3000);\ncy.xpath(\"//input[@placeholder='Enter User ID']\").type('J33');\ncy.xpath(\"//input[@id='LoginPassword']\").type('Alpha@123');\ncy.xpath(\"//p[normalize-space()='Login Now']\").click();\n// OTP\n// cy.wait(1000);\n// cy.xpath(\"(//input[@class='text_form ng-pristine ng-invalid ng-touched'])\").type('1');\n// cy.xpath(\"(//input[@placeholder='-'])[2]\").type('2');\n// cy.xpath(\"(//input[@placeholder='-'])[3]\").type('3');\n// cy.xpath(\"(//input[@placeholder='-'])[4]\").type('4');\n// Space Mobile Application Pin\ncy.wait(3000);\ncy.get('[tabindex=\"1\"]').type('0');\ncy.get('[tabindex=\"2\"]').type('0');\ncy.get('[tabindex=\"3\"]').type('0');\ncy.get('[tabindex=\"4\"]').type('0');\ncy.get('.continue_button_wrap > p').click();\ncy.log('Login successful');\n// Click on Backtesting\ncy.wait(4000);\ncy.xpath(\"//ul[@id='navBar']//a[@id='Backtesting']\").click();\n// Click on Option dropdown\n// cy.xpath(\"//span[contains(text(),'Option')]\").click();\n// Click on Proceed\ncy.wait(1500);\ncy.xpath(\"//a[normalize-space()='Proceed']\").click();\n//ADD OPTION DETAILS\n// 1) Symbol\n// cy.xpath(\"//span[contains(text(),'BANKNIFTY')]\").click();\n// 2) Underlying\n// cy.xpath(\"//input[@id='UnderlyingTypevalue']\").click();\n// 3) Type\n// 4) Entry Time\ncy.wait(1500);\ncy.xpath(\"(//kendo-icon[@class='k-i-clock k-button-icon k-icon ng-star-inserted'])[2]\").click();\ncy.xpath(\"(//input[@id='timepicker-1'])[1]\").click();\ncy.xpath(\"(//input[@id='timepicker-1'])[1]\").type(\"09.10\");\ncy.scrollTo(1000, 0);\ncy.xpath(\"//a[normalize-space()='Save']\").click({\n  force: true\n});\ncy.scrollTo(1000, 0);\ncy.xpath(\"(//input[@id='timepicker-1'])[1]\").click();\ncy.xpath(\"(//input[@id='timepicker-1'])[1]\").type(\"09.05\");\ncy.scrollTo(1000, 0);\ncy.xpath(\"//a[normalize-space()='Save']\").click({\n  force: true\n});\ncy.scrollTo(1000, 0);\ncy.wait(2000);\ncy.xpath(\"(//input[@id='timepicker-1'])[1]\").click();\ncy.xpath(\"(//input[@id='timepicker-1'])[1]\").type(\"09:20\");\ncy.scrollTo(1000, 0);\ncy.xpath(\"//a[normalize-space()='Save']\").click({\n  force: true\n});\ncy.scrollTo(1000, 0);\ncy.wait(2000);\ncy.xpath(\"(//input[@id='timepicker-1'])[1]\").click();\ncy.xpath(\"(//input[@id='timepicker-1'])[1]\").type(\"08:20\");\ncy.scrollTo(1000, 0);\ncy.xpath(\"//a[normalize-space()='Save']\").click({\n  force: true\n});\ncy.scrollTo(1000, 0);\ncy.wait(2000);\ncy.xpath(\"(//input[@id='timepicker-1'])[1]\").click();\ncy.xpath(\"(//input[@id='timepicker-1'])[1]\").type(\"09:20\");\ncy.scrollTo(1000, 0);\ncy.xpath(\"//a[normalize-space()='Save']\").click({\n  force: true\n});\ncy.scrollTo(1000, 0);\n// 5) Exit Time\ncy.xpath(\"(//input[@id='timepicker-2'])[1]\").click();\ncy.xpath(\"(//input[@id='timepicker-2'])[1]\").type(\"09:10\");\ncy.scrollTo(1000, 0);\ncy.xpath(\"//a[normalize-space()='Save']\").click({\n  force: true\n});\ncy.scrollTo(1000, 0);\ncy.wait(2000);\ncy.xpath(\"(//input[@id='timepicker-2'])[1]\").click();\ncy.xpath(\"(//input[@id='timepicker-2'])[1]\").type(\"09:20\");\ncy.scrollTo(1000, 0);\ncy.xpath(\"//a[normalize-space()='Save']\").click({\n  force: true\n});\ncy.scrollTo(1000, 0);\ncy.wait(2000);\ncy.xpath(\"(//input[@id='timepicker-2'])[1]\").click();\ncy.xpath(\"(//input[@id='timepicker-2'])[1]\").type(\"08:20\");\ncy.scrollTo(1000, 0);\ncy.xpath(\"//a[normalize-space()='Save']\").click({\n  force: true\n});\ncy.scrollTo(1000, 0);\ncy.wait(2000);\ncy.xpath(\"(//input[@id='timepicker-2'])[1]\").click();\ncy.xpath(\"(//input[@id='timepicker-2'])[1]\").type(\"15:15\");\ncy.scrollTo(1000, 0);\ncy.xpath(\"//a[normalize-space()='Save']\").click({\n  force: true\n});\ncy.scrollTo(1000, 0);",
          "err": {
            "message": "AssertionError: Timed out retrying after 4000ms: Expected to find element: `//input[@placeholder='Enter User ID']`, but never found it.",
            "estack": "AssertionError: Timed out retrying after 4000ms: Expected to find element: `//input[@placeholder='Enter User ID']`, but never found it.\n    at Context.eval (webpack:///./cypress/e2e/Backtesting_ORB/Strike_Login.cy.js:14:7)",
            "diff": null
          },
          "uuid": "1a28026f-4497-47a5-ae99-c1e280b73089",
          "parentUUID": "68ac26fc-3550-4e34-8404-10fc04026079",
          "isHook": false,
          "skipped": false
        }
      ],
      "suites": [],
      "passes": [],
      "failures": [
        "1a28026f-4497-47a5-ae99-c1e280b73089"
      ],
      "pending": [],
      "skipped": [],
      "duration": 13163,
      "root": true,
      "rootEmpty": false,
      "_timeout": 2000
    }
  ],
  "meta": {
    "mocha": {
      "version": "7.0.1"
    },
    "mochawesome": {
      "options": {
        "quiet": true,
        "reportFilename": "Strike_Report",
        "saveHtml": false,
        "saveJson": true,
        "consoleReporter": "spec",
        "useInlineDiffs": false,
        "code": true
      },
      "version": "7.1.3"
    },
    "marge": {
      "options": {
        "reportDir": "reports\\mochawesome\\.jsons",
        "reporterEnabled": "cypress-mochawesome-reporter, mocha-junit-reporter",
        "charts": true,
        "reportPageTitle": "Strike_Automation",
        "reportFilename": "Strike_Report",
        "embeddedScreenshots": true,
        "inlineAssets": true,
        "overwrite": false,
        "html": false,
        "json": true,
        "video": true,
        "videoCompression": true,
        "videoOnFailOnly": true,
        "quiet": true,
        "debug": true,
        "saveJson": true
      },
      "version": "6.2.0"
    }
  }
}