{
  "stats": {
    "suites": 0,
    "tests": 1,
    "passes": 1,
    "pending": 0,
    "failures": 0,
    "start": "2024-10-02T05:41:13.541Z",
    "end": "2024-10-02T05:41:36.258Z",
    "duration": 22717,
    "testsRegistered": 1,
    "passPercent": 100,
    "pendingPercent": 0,
    "other": 0,
    "hasOther": false,
    "skipped": 0,
    "hasSkipped": false
  },
  "results": [
    {
      "uuid": "169b1028-5518-4c27-ac05-bcad4e2dd1cc",
      "title": "",
      "fullFile": "cypress\\e2e\\Broker_Login_Odin.cy.js",
      "file": "cypress\\e2e\\Broker_Login_Odin.cy.js",
      "beforeHooks": [],
      "afterHooks": [],
      "tests": [
        {
          "title": "Broker_Login",
          "fullTitle": "Broker_Login",
          "timedOut": null,
          "duration": 21360,
          "state": "passed",
          "speed": "slow",
          "pass": true,
          "fail": false,
          "pending": false,
          "context": null,
          "code": "cy.viewport(1750, 800);\ncy.clearAllCookies();\ncy.visit('https://strike.jainam.in/#/');\ncy.wait(3000);\ncy.get('.nav-link').click();\n//Login Flow\ncy.wait(2000);\ncy.xpath(\"/html[1]/body[1]/app-root[1]/app-layout[1]/app-headerpanel[1]/app-login[1]/div[1]/kendo-dialog[1]/div[2]/div[1]/div[1]/div[1]/form[1]/div[1]/div[1]/div[3]/kendo-textbox[1]/input[1]\").type('9825479404');\ncy.get('.btn_bg_bw').click();\ncy.wait(2000);\ncy.xpath(\"//kendo-textbox[@placeholder='Enter Password']\").type('Loop@345');\ncy.get('.btn_bg_bw').click();\ncy.log('Login successful');\n//Click On Stratergy\ncy.wait(3000);\ncy.get('#navBarWeb > :nth-child(3) > #Strategies').click({\n  setTimeout: 2000\n});\n//Click on Broker Login\ncy.wait(3000);\ncy.xpath('/html[1]/body[1]/app-root[1]/app-layout[1]/app-strategies[1]/div[1]/div[1]/div[1]/div[1]/div[1]/div[1]/div[2]/div[1]/div[1]/div[1]/div[2]/a[1]').click({\n  setTimeout: 2000\n});\n//Click on Odin Setup\ncy.wait(2000);\ncy.xpath('/html[1]/body[1]/app-root[1]/app-layout[1]/app-strategies[1]/div[1]/div[1]/div[1]/div[1]/div[1]/div[1]/div[2]/div[1]/div[1]/div[3]/app-broker-login[1]/div[1]/div[1]/div[1]/ul[1]/li[1]/div[1]/div[2]/a[1]').click();\n//Enter User Id \ncy.xpath('/html/body/app-root/app-layout/app-broker-dynamic/ngx-dynamic-hooks/app-odin/div/div/div/div/div/div/div[2]/div/div/div/div/form/fieldset/div/div[1]/kendo-formfield/div/kendo-textbox/input').type('j23');\n// Enter Password\ncy.xpath('/html/body/app-root/app-layout/app-broker-dynamic/ngx-dynamic-hooks/app-odin/div/div/div/div/div/div/div[2]/div/div/div/div/form/fieldset/div/div[2]/kendo-formfield/div/div/kendo-textbox/input').type('Strike@123');\n//  Enter FA\ncy.xpath('/html/body/app-root/app-layout/app-broker-dynamic/ngx-dynamic-hooks/app-odin/div/div/div/div/div/div/div[2]/div/div/div/div/form/fieldset/div/div[3]/kendo-formfield/div/kendo-textbox/input').type('AFLPP2068K');\n//Click on Submit Button\ncy.get('#BtnSubmit').click();",
          "err": {},
          "uuid": "21aefe7c-8723-421a-a619-cf0b88fdff27",
          "parentUUID": "169b1028-5518-4c27-ac05-bcad4e2dd1cc",
          "isHook": false,
          "skipped": false
        }
      ],
      "suites": [],
      "passes": [
        "21aefe7c-8723-421a-a619-cf0b88fdff27"
      ],
      "failures": [],
      "pending": [],
      "skipped": [],
      "duration": 21360,
      "root": true,
      "rootEmpty": false,
      "_timeout": 2000
    }
  ],
  "meta": {
    "mocha": {
      "version": "7.0.1"
    },
    "mochawesome": {
      "options": {
        "quiet": true,
        "reportFilename": "Strike_Report",
        "saveHtml": false,
        "saveJson": true,
        "consoleReporter": "spec",
        "useInlineDiffs": false,
        "code": true
      },
      "version": "7.1.3"
    },
    "marge": {
      "options": {
        "reportDir": "reports\\mochawesome\\.jsons",
        "reporterEnabled": "cypress-mochawesome-reporter, mocha-junit-reporter",
        "charts": true,
        "reportPageTitle": "Strike_Automation",
        "reportFilename": "Strike_Report",
        "embeddedScreenshots": true,
        "inlineAssets": true,
        "overwrite": false,
        "html": false,
        "json": true,
        "video": true,
        "videoCompression": true,
        "videoOnFailOnly": true,
        "quiet": true,
        "debug": true,
        "saveJson": true
      },
      "version": "6.2.0"
    }
  }
}